This file contains any messages produced by compilers while
running configure, to aid debugging if configure makes a mistake.

It was created by gnome-shell-extensions configure 3.0.2, which was
generated by GNU Autoconf 2.68.  Invocation command line was

  $ ./configure --prefix=/usr --disable-schemas-compile --enable-extensions=moveclock

## --------- ##
## Platform. ##
## --------- ##

hostname = ZoeArch
uname -m = x86_64
uname -r = 2.6.39-ARCH
uname -s = Linux
uname -v = #1 SMP PREEMPT Fri May 20 11:33:59 CEST 2011

/usr/bin/uname -p = unknown
/bin/uname -X     = unknown

/bin/arch              = x86_64
/usr/bin/arch -k       = unknown
/usr/convex/getsysinfo = unknown
/usr/bin/hostinfo      = unknown
/bin/machine           = unknown
/usr/bin/oslevel       = unknown
/bin/universe          = unknown

PATH: /usr/local/bin
PATH: /usr/bin
PATH: /bin
PATH: /usr/local/sbin
PATH: /usr/sbin
PATH: /sbin
PATH: /opt/kde/bin
PATH: /usr/bin/vendor_perl
PATH: /usr/bin/core_perl
PATH: /opt/qt/bin


## ----------- ##
## Core tests. ##
## ----------- ##

configure:1999: checking for a BSD-compatible install
configure:2067: result: /bin/install -c
configure:2078: checking whether build environment is sane
configure:2128: result: yes
configure:2269: checking for a thread-safe mkdir -p
configure:2308: result: /bin/mkdir -p
configure:2321: checking for gawk
configure:2337: found /usr/bin/gawk
configure:2348: result: gawk
configure:2359: checking whether make sets $(MAKE)
configure:2381: result: yes
configure:2456: checking how to create a ustar tar archive
configure:2469: tar --version
tar (GNU tar) 1.26
Copyright (C) 2011 Free Software Foundation, Inc.
License GPLv3+: GNU GPL version 3 or later <http://gnu.org/licenses/gpl.html>.
This is free software: you are free to change and redistribute it.
There is NO WARRANTY, to the extent permitted by law.

Written by John Gilmore and Jay Fenlason.
configure:2472: $? = 0
configure:2512: tardir=conftest.dir && eval tar --format=ustar -chf - "$tardir" >conftest.tar
configure:2515: $? = 0
configure:2519: tar -xf - <conftest.tar
configure:2522: $? = 0
configure:2535: result: gnutar
configure:2564: checking whether NLS is requested
configure:2573: result: yes
configure:2589: checking for style of include used by make
configure:2617: result: GNU
configure:2687: checking for gcc
configure:2703: found /usr/bin/gcc
configure:2714: result: gcc
configure:2943: checking for C compiler version
configure:2952: gcc --version >&5
gcc (GCC) 4.6.0 20110513 (prerelease)
Copyright (C) 2011 Free Software Foundation, Inc.
This is free software; see the source for copying conditions.  There is NO
warranty; not even for MERCHANTABILITY or FITNESS FOR A PARTICULAR PURPOSE.

configure:2963: $? = 0
configure:2952: gcc -v >&5
Using built-in specs.
COLLECT_GCC=gcc
COLLECT_LTO_WRAPPER=/usr/lib/gcc/x86_64-unknown-linux-gnu/4.6.0/lto-wrapper
Target: x86_64-unknown-linux-gnu
Configured with: /build/src/gcc-4.6-20110513/configure --prefix=/usr --libdir=/usr/lib --libexecdir=/usr/lib --mandir=/usr/share/man --infodir=/usr/share/info --with-bugurl=https://bugs.archlinux.org/ --enable-languages=c,c++,ada,fortran,go,lto,objc,obj-c++ --enable-shared --enable-threads=posix --with-system-zlib --enable-__cxa_atexit --disable-libunwind-exceptions --enable-clocale=gnu --enable-gnu-unique-object --enable-linker-build-id --with-ppl --enable-cloog-backend=isl --enable-lto --enable-gold --enable-ld=default --enable-plugin --with-plugin-ld=ld.gold --enable-multilib --disable-libstdcxx-pch --enable-checking=release
Thread model: posix
gcc version 4.6.0 20110513 (prerelease) (GCC) 
configure:2963: $? = 0
configure:2952: gcc -V >&5
gcc: error: unrecognized option '-V'
gcc: fatal error: no input files
compilation terminated.
configure:2963: $? = 1
configure:2952: gcc -qversion >&5
gcc: error: unrecognized option '-qversion'
gcc: fatal error: no input files
compilation terminated.
configure:2963: $? = 1
configure:2983: checking whether the C compiler works
configure:3005: gcc    conftest.c  >&5
configure:3009: $? = 0
configure:3057: result: yes
configure:3060: checking for C compiler default output file name
configure:3062: result: a.out
configure:3068: checking for suffix of executables
configure:3075: gcc -o conftest    conftest.c  >&5
configure:3079: $? = 0
configure:3101: result: 
configure:3123: checking whether we are cross compiling
configure:3131: gcc -o conftest    conftest.c  >&5
configure:3135: $? = 0
configure:3142: ./conftest
configure:3146: $? = 0
configure:3161: result: no
configure:3166: checking for suffix of object files
configure:3188: gcc -c   conftest.c >&5
configure:3192: $? = 0
configure:3213: result: o
configure:3217: checking whether we are using the GNU C compiler
configure:3236: gcc -c   conftest.c >&5
configure:3236: $? = 0
configure:3245: result: yes
configure:3254: checking whether gcc accepts -g
configure:3274: gcc -c -g  conftest.c >&5
configure:3274: $? = 0
configure:3315: result: yes
configure:3332: checking for gcc option to accept ISO C89
configure:3396: gcc  -c -g -O2  conftest.c >&5
configure:3396: $? = 0
configure:3409: result: none needed
configure:3431: checking dependency style of gcc
configure:3541: result: none
configure:3568: checking for intltool >= 0.26
configure:3575: result: 0.41.1 found
configure:3583: checking for intltool-update
configure:3601: found /usr/bin/intltool-update
configure:3613: result: /usr/bin/intltool-update
configure:3623: checking for intltool-merge
configure:3641: found /usr/bin/intltool-merge
configure:3653: result: /usr/bin/intltool-merge
configure:3663: checking for intltool-extract
configure:3681: found /usr/bin/intltool-extract
configure:3693: result: /usr/bin/intltool-extract
configure:3824: checking for xgettext
configure:3842: found /usr/bin/xgettext
configure:3854: result: /usr/bin/xgettext
configure:3864: checking for msgmerge
configure:3882: found /usr/bin/msgmerge
configure:3894: result: /usr/bin/msgmerge
configure:3904: checking for msgfmt
configure:3922: found /usr/bin/msgfmt
configure:3934: result: /usr/bin/msgfmt
configure:3944: checking for gmsgfmt
configure:3975: result: /usr/bin/msgfmt
configure:3995: checking for perl
configure:4013: found /usr/bin/perl
configure:4025: result: /usr/bin/perl
configure:4036: checking for perl >= 5.8.1
configure:4043: result: 5.12.3
configure:4047: checking for XML::Parser
configure:4050: result: ok
configure:4075: gcc -o conftest -g -O2   conftest.c  >&5
configure:4075: $? = 0
configure:4156: checking for pkg-config
configure:4174: found /usr/bin/pkg-config
configure:4186: result: /usr/bin/pkg-config
configure:4211: checking pkg-config is at least version 0.22
configure:4214: result: yes
configure:4289: checking for pkg-config
configure:4319: result: /usr/bin/pkg-config
configure:4344: checking pkg-config is at least version 0.16
configure:4347: result: yes
configure:4808: creating ./config.status

## ---------------------- ##
## Running config.status. ##
## ---------------------- ##

This file was extended by gnome-shell-extensions config.status 3.0.2, which was
generated by GNU Autoconf 2.68.  Invocation command line was

  CONFIG_FILES    = 
  CONFIG_HEADERS  = 
  CONFIG_LINKS    = 
  CONFIG_COMMANDS = 
  $ ./config.status 

on ZoeArch

config.status:903: creating extensions/alternate-tab/Makefile
config.status:903: creating extensions/alternative-status-menu/Makefile
config.status:903: creating extensions/auto-move-windows/Makefile
config.status:903: creating extensions/dock/Makefile
config.status:903: creating extensions/drive-menu/Makefile
config.status:903: creating extensions/example/Makefile
config.status:903: creating extensions/systemMonitor/Makefile
config.status:903: creating extensions/windowsNavigator/Makefile
config.status:903: creating extensions/gajim/Makefile
config.status:903: creating extensions/moveclock/Makefile
config.status:903: creating extensions/native-window-placement/Makefile
config.status:903: creating extensions/places-menu/Makefile
config.status:903: creating extensions/xrandr-indicator/Makefile
config.status:903: creating extensions/user-theme/Makefile
config.status:903: creating extensions/Makefile
config.status:903: creating Makefile
config.status:903: creating po/Makefile.in
config.status:1075: executing depfiles commands
config.status:1075: executing po/stamp-it commands

## ---------------- ##
## Cache variables. ##
## ---------------- ##

ac_cv_c_compiler_gnu=yes
ac_cv_env_CC_set=
ac_cv_env_CC_value=
ac_cv_env_CFLAGS_set=
ac_cv_env_CFLAGS_value=
ac_cv_env_CPPFLAGS_set=
ac_cv_env_CPPFLAGS_value=
ac_cv_env_GNOME_DESKTOP_CFLAGS_set=
ac_cv_env_GNOME_DESKTOP_CFLAGS_value=
ac_cv_env_GNOME_DESKTOP_LIBS_set=
ac_cv_env_GNOME_DESKTOP_LIBS_value=
ac_cv_env_GTOP_CFLAGS_set=
ac_cv_env_GTOP_CFLAGS_value=
ac_cv_env_GTOP_LIBS_set=
ac_cv_env_GTOP_LIBS_value=
ac_cv_env_LDFLAGS_set=
ac_cv_env_LDFLAGS_value=
ac_cv_env_LIBS_set=
ac_cv_env_LIBS_value=
ac_cv_env_PKG_CONFIG_LIBDIR_set=
ac_cv_env_PKG_CONFIG_LIBDIR_value=
ac_cv_env_PKG_CONFIG_PATH_set=set
ac_cv_env_PKG_CONFIG_PATH_value=:/opt/qt/lib/pkgconfig
ac_cv_env_PKG_CONFIG_set=
ac_cv_env_PKG_CONFIG_value=
ac_cv_env_build_alias_set=
ac_cv_env_build_alias_value=
ac_cv_env_host_alias_set=
ac_cv_env_host_alias_value=
ac_cv_env_target_alias_set=
ac_cv_env_target_alias_value=
ac_cv_objext=o
ac_cv_path_GMSGFMT=/usr/bin/msgfmt
ac_cv_path_INTLTOOL_EXTRACT=/usr/bin/intltool-extract
ac_cv_path_INTLTOOL_MERGE=/usr/bin/intltool-merge
ac_cv_path_INTLTOOL_PERL=/usr/bin/perl
ac_cv_path_INTLTOOL_UPDATE=/usr/bin/intltool-update
ac_cv_path_MSGFMT=/usr/bin/msgfmt
ac_cv_path_MSGMERGE=/usr/bin/msgmerge
ac_cv_path_XGETTEXT=/usr/bin/xgettext
ac_cv_path_ac_pt_PKG_CONFIG=/usr/bin/pkg-config
ac_cv_path_install='/bin/install -c'
ac_cv_path_mkdir=/bin/mkdir
ac_cv_prog_AWK=gawk
ac_cv_prog_ac_ct_CC=gcc
ac_cv_prog_cc_c89=
ac_cv_prog_cc_g=yes
ac_cv_prog_make_make_set=yes
am_cv_CC_dependencies_compiler_type=none
am_cv_prog_tar_ustar=gnutar

## ----------------- ##
## Output variables. ##
## ----------------- ##










		$(INSTALL_DATA) $^ "$(DESTDIR)$(gsettingsschemadir)"; \
		test -n "$(GSETTINGS_DISABLE_SCHEMAS_COMPILE)$(DESTDIR)" || $(GLIB_COMPILE_SCHEMAS) $(gsettingsschemadir); \
		test -z "$(gsettingsschemadir)" || $(MKDIR_P) "$(DESTDIR)$(gsettingsschemadir)"; \
	$(AM_V_GEN) glib-mkenums --comments '\''<!-- @comment@ -->'\'' --fhead "<schemalist>" --vhead "  <@type@ id='\''$(gsettings_ENUM_NAMESPACE).@EnumName@'\''>" --vprod "    <value nick='\''@valuenick@'\'' value='\''@valuenum@'\''/>" --vtail "  </@type@>" --ftail "</schemalist>" $^ > $@.tmp && mv $@.tmp $@
	$(AM_V_GEN) if test -f "$<"; then d=; else d="$(srcdir)/"; fi; $(GLIB_COMPILE_SCHEMAS) --strict --dry-run $(addprefix --schema-file=,$(gsettings__enum_file)) --schema-file=$${d}$< && touch $@
	@$(NORMAL_INSTALL)
	@$(NORMAL_UNINSTALL)
	@list='\''$(gsettings_SCHEMAS) $(gsettings__enum_file)'\''; test -n "$(gsettingsschemadir)" || list=; \
	cd "$(DESTDIR)$(gsettingsschemadir)" && rm -f $$files
	echo " ( cd '\''$(DESTDIR)$(gsettingsschemadir)'\'' && rm -f" $$files ")"; \
	fi
	files=`for p in $$list; do echo $$p; done | sed -e '\''s|^.*/||'\''`; \
	if test -n "$^"; then \
	rm -f $(gsettings_SCHEMAS:.xml=.valid) $(gsettings__enum_file)
	test -n "$$files" || exit 0; \
	test -n "$(GSETTINGS_DISABLE_SCHEMAS_COMPILE)$(DESTDIR)" || $(GLIB_COMPILE_SCHEMAS) $(gsettingsschemadir)
$(gsettings__enum_file): $(gsettings_ENUM_FILES)
%.gschema.valid: %.gschema.xml $(gsettings__enum_file)
.PHONY : uninstall-gsettings-schemas install-gsettings-schemas clean-gsettings-schemas
.SECONDARY: $(gsettings_SCHEMAS)
ACLOCAL='${SHELL} /home/zodiac/abs/gnome-shell/gnome-shell-extension-git/miguel/gnome-shell-extensions/config/missing --run aclocal-1.11'
ALL_EXTENSIONS='alternative-status-menu dock drive-menu gajim places-menu windowsNavigator alternate-tab auto-move-windows example moveclock native-window-placement systemMonitor user-theme xrandr-indicator'
ALL_LINGUAS=''
AMDEPBACKSLASH='\'
AMDEP_FALSE='#'
AMDEP_TRUE=''
AMTAR='${SHELL} /home/zodiac/abs/gnome-shell/gnome-shell-extension-git/miguel/gnome-shell-extensions/config/missing --run tar'
AM_BACKSLASH='\'
AM_DEFAULT_VERBOSITY='0'
AUTOCONF='${SHELL} /home/zodiac/abs/gnome-shell/gnome-shell-extension-git/miguel/gnome-shell-extensions/config/missing --run autoconf'
AUTOHEADER='${SHELL} /home/zodiac/abs/gnome-shell/gnome-shell-extension-git/miguel/gnome-shell-extensions/config/missing --run autoheader'
AUTOMAKE='${SHELL} /home/zodiac/abs/gnome-shell/gnome-shell-extension-git/miguel/gnome-shell-extensions/config/missing --run automake-1.11'
AWK='gawk'
CC='gcc'
CCDEPMODE='depmode=none'
CFLAGS='-g -O2'
CPPFLAGS=''
CYGPATH_W='echo'
DATADIRNAME='share'
DEFS='-DPACKAGE_NAME=\"gnome-shell-extensions\" -DPACKAGE_TARNAME=\"gnome-shell-extensions\" -DPACKAGE_VERSION=\"3.0.2\" -DPACKAGE_STRING=\"gnome-shell-extensions\ 3.0.2\" -DPACKAGE_BUGREPORT=\"https://bugzilla.gnome.org/enter_bug.cgi\?product=gnome-shell\&component=extensions\" -DPACKAGE_URL=\"\" -DPACKAGE=\"gnome-shell-extensions\" -DVERSION=\"3.0.2\" -DGETTEXT_PACKAGE=\"gnome-shell-extensions\"'
DEPDIR='.deps'
ECHO_C=''
ECHO_N='-n'
ECHO_T=''
ENABLED_EXTENSIONS=' moveclock'
EXEEXT=''
GETTEXT_PACKAGE='gnome-shell-extensions'
GLIB_COMPILE_SCHEMAS='/usr/bin/glib-compile-schemas'
GMSGFMT='/usr/bin/msgfmt'
GNOME_DESKTOP_CFLAGS=''
GNOME_DESKTOP_LIBS=''
GSETTINGS_DISABLE_SCHEMAS_COMPILE='1'
GSETTINGS_RULES='
GTOP_CFLAGS=''
GTOP_LIBS=''
INSTALL_DATA='${INSTALL} -m 644'
INSTALL_PROGRAM='${INSTALL}'
INSTALL_SCRIPT='${INSTALL}'
INSTALL_STRIP_PROGRAM='$(install_sh) -c -s'
INTLTOOL_CAVES_RULE='%.caves:     %.caves.in     $(INTLTOOL_MERGE) $(wildcard $(top_srcdir)/po/*.po) ; LC_ALL=C $(INTLTOOL_MERGE) -d -u -c $(top_builddir)/po/.intltool-merge-cache $(top_srcdir)/po $< $@'
INTLTOOL_DESKTOP_RULE='%.desktop:   %.desktop.in   $(INTLTOOL_MERGE) $(wildcard $(top_srcdir)/po/*.po) ; LC_ALL=C $(INTLTOOL_MERGE) -d -u -c $(top_builddir)/po/.intltool-merge-cache $(top_srcdir)/po $< $@'
INTLTOOL_DIRECTORY_RULE='%.directory: %.directory.in $(INTLTOOL_MERGE) $(wildcard $(top_srcdir)/po/*.po) ; LC_ALL=C $(INTLTOOL_MERGE) -d -u -c $(top_builddir)/po/.intltool-merge-cache $(top_srcdir)/po $< $@'
INTLTOOL_EXTRACT='/usr/bin/intltool-extract'
INTLTOOL_KBD_RULE='%.kbd:       %.kbd.in       $(INTLTOOL_MERGE) $(wildcard $(top_srcdir)/po/*.po) ; LC_ALL=C $(INTLTOOL_MERGE) -x -u -m -c $(top_builddir)/po/.intltool-merge-cache $(top_srcdir)/po $< $@'
INTLTOOL_KEYS_RULE='%.keys:      %.keys.in      $(INTLTOOL_MERGE) $(wildcard $(top_srcdir)/po/*.po) ; LC_ALL=C $(INTLTOOL_MERGE) -k -u -c $(top_builddir)/po/.intltool-merge-cache $(top_srcdir)/po $< $@'
INTLTOOL_MERGE='/usr/bin/intltool-merge'
INTLTOOL_OAF_RULE='%.oaf:       %.oaf.in       $(INTLTOOL_MERGE) $(wildcard $(top_srcdir)/po/*.po) ; LC_ALL=C $(INTLTOOL_MERGE) -o -p $(top_srcdir)/po $< $@'
INTLTOOL_PERL='/usr/bin/perl'
INTLTOOL_POLICY_RULE='%.policy:    %.policy.in    $(INTLTOOL_MERGE) $(wildcard $(top_srcdir)/po/*.po) ; LC_ALL=C $(INTLTOOL_MERGE) -x -u -c $(top_builddir)/po/.intltool-merge-cache $(top_srcdir)/po $< $@'
INTLTOOL_PONG_RULE='%.pong:      %.pong.in      $(INTLTOOL_MERGE) $(wildcard $(top_srcdir)/po/*.po) ; LC_ALL=C $(INTLTOOL_MERGE) -x -u -c $(top_builddir)/po/.intltool-merge-cache $(top_srcdir)/po $< $@'
INTLTOOL_PROP_RULE='%.prop:      %.prop.in      $(INTLTOOL_MERGE) $(wildcard $(top_srcdir)/po/*.po) ; LC_ALL=C $(INTLTOOL_MERGE) -d -u -c $(top_builddir)/po/.intltool-merge-cache $(top_srcdir)/po $< $@'
INTLTOOL_SCHEMAS_RULE='%.schemas:   %.schemas.in   $(INTLTOOL_MERGE) $(wildcard $(top_srcdir)/po/*.po) ; LC_ALL=C $(INTLTOOL_MERGE) -s -u -c $(top_builddir)/po/.intltool-merge-cache $(top_srcdir)/po $< $@'
INTLTOOL_SERVER_RULE='%.server:    %.server.in    $(INTLTOOL_MERGE) $(wildcard $(top_srcdir)/po/*.po) ; LC_ALL=C $(INTLTOOL_MERGE) -o -u -c $(top_builddir)/po/.intltool-merge-cache $(top_srcdir)/po $< $@'
INTLTOOL_SERVICE_RULE='%.service: %.service.in   $(INTLTOOL_MERGE) $(wildcard $(top_srcdir)/po/*.po) ; LC_ALL=C $(INTLTOOL_MERGE) -d -u -c $(top_builddir)/po/.intltool-merge-cache $(top_srcdir)/po $< $@'
INTLTOOL_SHEET_RULE='%.sheet:     %.sheet.in     $(INTLTOOL_MERGE) $(wildcard $(top_srcdir)/po/*.po) ; LC_ALL=C $(INTLTOOL_MERGE) -x -u -c $(top_builddir)/po/.intltool-merge-cache $(top_srcdir)/po $< $@'
INTLTOOL_SOUNDLIST_RULE='%.soundlist: %.soundlist.in $(INTLTOOL_MERGE) $(wildcard $(top_srcdir)/po/*.po) ; LC_ALL=C $(INTLTOOL_MERGE) -d -u -c $(top_builddir)/po/.intltool-merge-cache $(top_srcdir)/po $< $@'
INTLTOOL_THEME_RULE='%.theme:     %.theme.in     $(INTLTOOL_MERGE) $(wildcard $(top_srcdir)/po/*.po) ; LC_ALL=C $(INTLTOOL_MERGE) -d -u -c $(top_builddir)/po/.intltool-merge-cache $(top_srcdir)/po $< $@'
INTLTOOL_UI_RULE='%.ui:        %.ui.in        $(INTLTOOL_MERGE) $(wildcard $(top_srcdir)/po/*.po) ; LC_ALL=C $(INTLTOOL_MERGE) -x -u -c $(top_builddir)/po/.intltool-merge-cache $(top_srcdir)/po $< $@'
INTLTOOL_UPDATE='/usr/bin/intltool-update'
INTLTOOL_XAM_RULE='%.xam:       %.xml.in       $(INTLTOOL_MERGE) $(wildcard $(top_srcdir)/po/*.po) ; LC_ALL=C $(INTLTOOL_MERGE) -x -u -c $(top_builddir)/po/.intltool-merge-cache $(top_srcdir)/po $< $@'
INTLTOOL_XML_NOMERGE_RULE='%.xml:       %.xml.in       $(INTLTOOL_MERGE) ; LC_ALL=C $(INTLTOOL_MERGE) -x -u /tmp $< $@'
INTLTOOL_XML_RULE='%.xml:       %.xml.in       $(INTLTOOL_MERGE) $(wildcard $(top_srcdir)/po/*.po) ; LC_ALL=C $(INTLTOOL_MERGE) -x -u -c $(top_builddir)/po/.intltool-merge-cache $(top_srcdir)/po $< $@'
LDFLAGS=''
LIBOBJS=''
LIBS=''
LTLIBOBJS=''
MAKEINFO='${SHELL} /home/zodiac/abs/gnome-shell/gnome-shell-extension-git/miguel/gnome-shell-extensions/config/missing --run makeinfo'
MKDIR_P='/bin/mkdir -p'
MSGFMT='/usr/bin/msgfmt'
MSGMERGE='/usr/bin/msgmerge'
OBJEXT='o'
PACKAGE='gnome-shell-extensions'
PACKAGE_BUGREPORT='https://bugzilla.gnome.org/enter_bug.cgi?product=gnome-shell&component=extensions'
PACKAGE_NAME='gnome-shell-extensions'
PACKAGE_STRING='gnome-shell-extensions 3.0.2'
PACKAGE_TARNAME='gnome-shell-extensions'
PACKAGE_URL=''
PACKAGE_VERSION='3.0.2'
PATH_SEPARATOR=':'
PKG_CONFIG='/usr/bin/pkg-config'
PKG_CONFIG_LIBDIR=''
PKG_CONFIG_PATH=':/opt/qt/lib/pkgconfig'
SET_MAKE=''
SHELL='/bin/sh'
STRIP=''
USE_NLS='yes'
VERSION='3.0.2'
XGETTEXT='/usr/bin/xgettext'
ac_ct_CC='gcc'
all-am: $(gsettings_SCHEMAS:.xml=.valid)
am__EXEEXT_FALSE=''
am__EXEEXT_TRUE='#'
am__fastdepCC_FALSE=''
am__fastdepCC_TRUE='#'
am__include='include'
am__isrc=''
am__leading_dot='.'
am__quote=''
am__tar='tar --format=ustar -chf - "$$tardir"'
am__untar='tar -xf -'
bindir='${exec_prefix}/bin'
build_alias=''
clean-gsettings-schemas:
datadir='${datarootdir}'
datarootdir='${prefix}/share'
docdir='${datarootdir}/doc/${PACKAGE_TARNAME}'
dvidir='${docdir}'
endif'
exec_prefix='${prefix}'
gsettings__enum_file = $(addsuffix .enums.xml,$(gsettings_ENUM_NAMESPACE))
gsettingsschemadir='${datarootdir}/glib-2.0/schemas'
host_alias=''
htmldir='${docdir}'
ifdef gsettings_ENUM_NAMESPACE
includedir='${prefix}/include'
infodir='${datarootdir}/info'
install-data-am: install-gsettings-schemas
install-gsettings-schemas: $(gsettings_SCHEMAS) $(gsettings__enum_file)
install_sh='${SHELL} /home/zodiac/abs/gnome-shell/gnome-shell-extension-git/miguel/gnome-shell-extensions/config/install-sh'
libdir='${exec_prefix}/lib'
libexecdir='${exec_prefix}/libexec'
localedir='${datarootdir}/locale'
localstatedir='${prefix}/var'
mandir='${datarootdir}/man'
mkdir_p='/bin/mkdir -p'
mostlyclean-am: clean-gsettings-schemas
oldincludedir='/usr/include'
pdfdir='${docdir}'
prefix='/usr'
program_transform_name='s,x,x,'
psdir='${docdir}'
sbindir='${exec_prefix}/sbin'
sharedstatedir='${prefix}/com'
sysconfdir='${prefix}/etc'
target_alias=''
uninstall-am: uninstall-gsettings-schemas
uninstall-gsettings-schemas:

## ----------- ##
## confdefs.h. ##
## ----------- ##

/* confdefs.h */
#define PACKAGE_NAME "gnome-shell-extensions"
#define PACKAGE_TARNAME "gnome-shell-extensions"
#define PACKAGE_VERSION "3.0.2"
#define PACKAGE_STRING "gnome-shell-extensions 3.0.2"
#define PACKAGE_BUGREPORT "https://bugzilla.gnome.org/enter_bug.cgi?product=gnome-shell&component=extensions"
#define PACKAGE_URL ""
#define PACKAGE "gnome-shell-extensions"
#define VERSION "3.0.2"
#define GETTEXT_PACKAGE "gnome-shell-extensions"

configure: exit 0
